TN:
SF:src\auth\application\login.usecase.ts
FN:20,(anonymous_18)
FN:21,LoginUseCase
FN:23,(anonymous_20)
FNF:3
FNH:3
FNDA:9,(anonymous_18)
FNDA:8,LoginUseCase
FNDA:8,(anonymous_20)
DA:1,9
DA:2,9
DA:3,9
DA:4,9
DA:5,9
DA:8,9
DA:13,9
DA:20,9
DA:21,8
DA:23,9
DA:24,8
DA:25,8
DA:26,8
DA:27,4
DA:28,4
DA:29,2
DA:30,2
DA:31,2
DA:33,9
LF:19
LH:19
BRDA:26,0,0,4
BRDA:28,1,0,2
BRF:2
BRH:2
end_of_record
TN:
SF:src\auth\infrastructure\http\auth.router.ts
FN:27,(anonymous_14)
FN:27,(anonymous_15)
FN:45,(anonymous_17)
FN:45,(anonymous_18)
FNF:4
FNH:4
FNDA:6,(anonymous_14)
FNDA:6,(anonymous_15)
FNDA:1,(anonymous_17)
FNDA:1,(anonymous_18)
DA:1,8
DA:2,8
DA:3,8
DA:4,8
DA:5,8
DA:6,8
DA:8,8
DA:10,8
DA:19,8
DA:27,8
DA:29,6
DA:30,6
DA:31,1
DA:33,5
DA:34,0
DA:39,8
DA:45,8
DA:46,1
LF:18
LH:17
BRDA:33,0,0,5
BRDA:33,1,0,0
BRDA:33,1,1,5
BRDA:33,2,0,5
BRDA:33,2,1,5
BRF:5
BRH:4
end_of_record
TN:
SF:src\candidates\application\create-candidate.usecase.ts
FN:31,(anonymous_17)
FN:32,CreateCandidateUseCase
FN:34,(anonymous_19)
FNF:3
FNH:3
FNDA:9,(anonymous_17)
FNDA:4,CreateCandidateUseCase
FNDA:4,(anonymous_19)
DA:1,9
DA:2,9
DA:5,9
DA:17,9
DA:31,9
DA:32,4
DA:34,9
DA:35,4
DA:36,3
DA:37,3
DA:38,1
DA:39,1
DA:40,1
DA:45,2
DA:57,2
DA:58,2
DA:60,9
LF:17
LH:17
BRDA:37,0,0,1
BRF:1
BRH:1
end_of_record
TN:
SF:src\candidates\application\search-candidates.usecase.ts
FN:26,(anonymous_17)
FN:27,CandidateSearchUseCase
FN:29,(anonymous_19)
FNF:3
FNH:3
FNDA:9,(anonymous_17)
FNDA:3,CandidateSearchUseCase
FNDA:3,(anonymous_19)
DA:1,9
DA:2,9
DA:5,9
DA:10,9
DA:26,9
DA:27,3
DA:29,9
DA:30,3
DA:31,3
DA:32,3
DA:34,9
LF:11
LH:11
BRF:0
BRH:0
end_of_record
TN:
SF:src\candidates\infrastructure\prisma-candidate.repository.ts
FN:7,(anonymous_14)
FN:8,(anonymous_16)
FN:15,(anonymous_19)
FN:20,(anonymous_22)
FNF:4
FNH:4
FNDA:12,(anonymous_14)
FNDA:2,(anonymous_16)
FNDA:1,(anonymous_19)
FNDA:1,(anonymous_22)
DA:1,8
DA:2,8
DA:7,8
DA:8,8
DA:9,2
DA:10,2
DA:11,2
DA:12,2
DA:15,8
DA:16,1
DA:17,1
DA:20,8
DA:21,1
DA:22,1
DA:34,1
DA:36,8
LF:16
LH:16
BRDA:9,0,0,2
BRDA:9,0,1,0
BRDA:9,1,0,2
BRDA:9,1,1,2
BRDA:10,2,0,2
BRDA:10,2,1,0
BRDA:16,3,0,1
BRDA:26,4,0,0
BRDA:26,4,1,1
BRDA:26,5,0,1
BRDA:26,5,1,1
BRDA:27,6,0,0
BRDA:27,6,1,1
BRDA:27,7,0,1
BRDA:27,7,1,1
BRDA:28,8,0,0
BRDA:28,8,1,1
BRDA:28,9,0,1
BRDA:28,9,1,1
BRDA:29,10,0,0
BRDA:29,10,1,1
BRDA:29,11,0,1
BRDA:29,11,1,1
BRDA:30,12,0,1
BRDA:30,12,1,0
BRDA:30,13,0,1
BRDA:30,13,1,1
BRDA:31,14,0,0
BRDA:31,14,1,1
BRDA:31,15,0,1
BRDA:31,15,1,1
BRDA:32,16,0,1
BRDA:32,16,1,1
BRF:33
BRH:25
end_of_record
TN:
SF:src\candidates\infrastructure\http\candidates.router.ts
FN:16,(anonymous_25)
FN:26,(anonymous_26)
FN:26,(anonymous_27)
FN:41,(anonymous_29)
FN:47,(anonymous_30)
FN:56,(anonymous_31)
FN:71,(anonymous_32)
FN:71,(anonymous_33)
FN:103,(anonymous_35)
FN:103,(anonymous_36)
FN:113,(anonymous_38)
FN:121,(anonymous_39)
FNF:12
FNH:10
FNDA:1,(anonymous_25)
FNDA:2,(anonymous_26)
FNDA:2,(anonymous_27)
FNDA:1,(anonymous_29)
FNDA:1,(anonymous_30)
FNDA:1,(anonymous_31)
FNDA:2,(anonymous_32)
FNDA:2,(anonymous_33)
FNDA:1,(anonymous_35)
FNDA:1,(anonymous_36)
FNDA:0,(anonymous_38)
FNDA:0,(anonymous_39)
DA:1,8
DA:2,8
DA:3,8
DA:4,8
DA:5,8
DA:6,8
DA:7,8
DA:8,8
DA:9,8
DA:10,8
DA:11,8
DA:13,8
DA:16,8
DA:17,1
DA:20,8
DA:26,8
DA:28,2
DA:29,2
DA:30,2
DA:31,2
DA:32,2
DA:33,2
DA:35,0
DA:40,8
DA:42,1
DA:43,1
DA:44,1
DA:45,1
DA:48,1
DA:49,1
DA:50,1
DA:54,8
DA:57,1
DA:58,1
DA:63,8
DA:71,8
DA:73,2
DA:74,2
DA:75,2
DA:76,2
DA:86,2
DA:87,1
DA:89,1
DA:90,1
DA:91,1
DA:92,1
DA:93,0
DA:98,8
DA:103,8
DA:105,1
DA:106,1
DA:107,1
DA:108,1
DA:109,1
DA:111,0
DA:113,0
DA:121,0
DA:123,0
LF:58
LH:52
BRDA:29,0,0,2
BRDA:29,0,1,0
BRDA:30,1,0,2
BRDA:30,1,1,0
BRDA:74,2,0,0
BRDA:74,2,1,2
BRDA:74,3,0,2
BRDA:74,3,1,2
BRDA:75,4,0,1
BRDA:75,4,1,1
BRDA:82,5,0,2
BRDA:82,5,1,2
BRDA:83,6,0,2
BRDA:83,6,1,2
BRDA:89,7,0,0
BRDA:89,8,0,0
BRDA:89,8,1,1
BRDA:89,9,0,1
BRDA:89,9,1,1
BRDA:90,10,0,0
BRDA:90,11,0,0
BRDA:90,11,1,1
BRDA:90,12,0,1
BRDA:90,12,1,1
BRDA:91,13,0,0
BRDA:91,14,0,0
BRDA:91,14,1,1
BRDA:91,15,0,1
BRDA:91,15,1,1
BRDA:92,16,0,1
BRDA:92,17,0,0
BRDA:92,17,1,1
BRDA:92,18,0,1
BRDA:92,18,1,1
BRDA:113,19,0,0
BRDA:106,20,0,1
BRDA:106,20,1,0
BRDA:107,21,0,1
BRDA:107,21,1,1
BRDA:108,22,0,1
BRDA:111,23,0,0
BRDA:111,23,1,0
BRDA:111,24,0,0
BRDA:111,24,1,0
BRF:44
BRH:28
end_of_record
TN:
SF:src\shared\config\env.ts
FNF:0
FNH:0
DA:1,10
DA:2,10
DA:4,10
LF:3
LH:3
BRF:0
BRH:0
end_of_record
TN:
SF:src\shared\database\prisma.ts
FNF:0
FNH:0
DA:1,8
DA:7,8
DA:9,8
DA:10,8
LF:4
LH:4
BRDA:7,0,0,8
BRDA:7,0,1,8
BRDA:9,1,0,8
BRF:3
BRH:3
end_of_record
TN:
SF:src\shared\http\openapi-registry.ts
FN:13,registerOpenApiRoute
FN:18,getOpenApiRouteMeta
FN:25,normalizePath
FN:29,toggleTrailingSlash
FNF:4
FNH:2
FNDA:48,registerOpenApiRoute
FNDA:0,getOpenApiRouteMeta
FNDA:48,normalizePath
FNDA:0,toggleTrailingSlash
DA:11,8
DA:13,8
DA:14,48
DA:15,48
DA:18,8
DA:19,0
DA:20,0
DA:21,0
DA:22,0
DA:26,48
DA:30,0
LF:11
LH:6
BRDA:22,0,0,0
BRDA:22,0,1,0
BRDA:22,1,0,0
BRDA:22,1,1,0
BRDA:30,2,0,0
BRDA:30,2,1,0
BRF:6
BRH:0
end_of_record
TN:
SF:src\shared\http\route-introspect.ts
FN:8,listRoutes
FNF:1
FNH:0
FNDA:0,listRoutes
DA:8,0
DA:9,0
DA:10,0
DA:11,0
DA:12,0
DA:13,0
DA:14,0
DA:15,0
DA:17,0
DA:18,0
DA:19,0
DA:22,0
LF:12
LH:0
BRDA:8,0,0,0
BRDA:9,1,0,0
BRDA:9,1,1,0
BRDA:12,2,0,0
BRDA:12,2,1,0
BRDA:12,3,0,0
BRDA:12,3,1,0
BRDA:12,4,0,0
BRDA:12,4,1,0
BRDA:13,5,0,0
BRDA:13,5,1,0
BRDA:17,6,0,0
BRDA:17,7,0,0
BRDA:17,7,1,0
BRDA:17,8,0,0
BRDA:17,8,1,0
BRDA:17,9,0,0
BRDA:17,9,1,0
BRDA:18,10,0,0
BRDA:18,10,1,0
BRDA:18,11,0,0
BRDA:18,11,1,0
BRDA:18,12,0,0
BRDA:18,12,1,0
BRDA:18,13,0,0
BRDA:18,13,1,0
BRF:26
BRH:0
end_of_record
TN:
SF:src\shared\http\route-registry.ts
FN:7,registerRouter
FN:12,getRegisteredRouters
FNF:2
FNH:1
FNDA:24,registerRouter
FNDA:0,getRegisteredRouters
DA:5,8
DA:7,8
DA:8,24
DA:9,24
DA:12,8
DA:13,0
LF:6
LH:5
BRF:0
BRH:0
end_of_record
TN:
SF:src\shared\http\server.ts
FN:12,createHttpServer
FN:21,(anonymous_2)
FN:30,(anonymous_3)
FNF:3
FNH:2
FNDA:8,createHttpServer
FNDA:1,(anonymous_2)
FNDA:0,(anonymous_3)
DA:1,8
DA:2,8
DA:3,8
DA:4,8
DA:5,8
DA:6,8
DA:7,8
DA:8,8
DA:9,8
DA:10,8
DA:12,8
DA:13,8
DA:16,8
DA:18,8
DA:19,8
DA:21,8
DA:22,1
DA:26,8
DA:27,8
DA:28,8
DA:30,8
DA:31,0
DA:32,0
DA:33,0
DA:36,8
LF:25
LH:22
BRDA:31,0,0,0
BRDA:31,0,1,0
BRDA:31,1,0,0
BRDA:31,1,1,0
BRF:4
BRH:0
end_of_record
TN:
SF:src\shared\http\middlewares\authenticateJwt.ts
FN:13,authenticateJwt
FNF:1
FNH:1
FNDA:14,authenticateJwt
DA:2,9
DA:3,9
DA:13,9
DA:14,14
DA:15,14
DA:16,4
DA:18,10
DA:19,10
DA:20,10
DA:21,10
DA:22,10
DA:24,0
LF:12
LH:11
BRDA:14,0,0,14
BRDA:14,0,1,4
BRDA:15,1,0,4
BRDA:15,2,0,14
BRDA:15,2,1,10
BRF:5
BRH:5
end_of_record
TN:
SF:src\shared\http\middlewares\authorizeRoles.ts
FN:3,authorizeRoles
FN:4,(anonymous_1)
FNF:2
FNH:2
FNDA:26,authorizeRoles
FNDA:8,(anonymous_1)
DA:3,78
DA:4,26
DA:5,8
DA:6,8
DA:7,8
DA:8,5
LF:6
LH:6
BRDA:5,0,0,0
BRDA:5,0,1,8
BRDA:5,1,0,8
BRDA:5,1,1,8
BRDA:6,2,0,0
BRDA:7,3,0,3
BRF:6
BRH:4
end_of_record
TN:
SF:src\shared\kernel\container.ts
FN:8,(anonymous_0)
FNF:1
FNH:0
FNDA:0,(anonymous_0)
DA:1,8
DA:2,8
DA:3,8
DA:5,8
DA:6,8
DA:8,8
LF:6
LH:6
BRF:0
BRH:0
end_of_record
TN:
SF:src\shared\kernel\logger.ts
FNF:0
FNH:0
DA:1,8
DA:2,8
DA:4,8
DA:8,8
LF:4
LH:4
BRDA:5,0,0,8
BRDA:5,0,1,8
BRF:2
BRH:2
end_of_record
TN:
SF:src\tests\helpers\prisma-fixtures.ts
FN:4,createUserFixture
FN:16,deleteUserFixture
FNF:2
FNH:0
FNDA:0,createUserFixture
FNDA:0,deleteUserFixture
DA:1,0
DA:2,0
DA:4,0
DA:5,0
DA:6,0
DA:7,0
DA:11,0
DA:16,0
DA:17,0
LF:9
LH:0
BRDA:7,0,0,0
BRDA:5,1,0,0
BRDA:5,1,1,0
BRDA:10,2,0,0
BRDA:10,2,1,0
BRDA:17,3,0,0
BRF:6
BRH:0
end_of_record
TN:
SF:src\users\application\create-user.usecase.ts
FN:10,(anonymous_18)
FN:29,(anonymous_19)
FN:30,CreateUserUseCase
FN:34,(anonymous_21)
FNF:4
FNH:1
FNDA:0,(anonymous_18)
FNDA:8,(anonymous_19)
FNDA:0,CreateUserUseCase
FNDA:0,(anonymous_21)
DA:1,8
DA:2,8
DA:4,8
DA:6,8
DA:8,8
DA:10,0
DA:14,8
DA:21,8
DA:29,8
DA:31,0
DA:34,8
DA:35,0
DA:36,0
DA:37,0
DA:38,0
DA:40,0
DA:41,0
DA:42,0
DA:43,0
DA:45,8
LF:20
LH:10
BRDA:37,0,0,0
BRF:1
BRH:0
end_of_record
TN:
SF:src\users\infrastructure\prisma-user.repository.ts
FN:7,(anonymous_14)
FN:8,(anonymous_16)
FN:12,(anonymous_19)
FNF:3
FNH:2
FNDA:14,(anonymous_14)
FNDA:6,(anonymous_16)
FNDA:0,(anonymous_19)
DA:1,8
DA:3,8
DA:7,8
DA:8,8
DA:9,6
DA:12,8
DA:13,0
DA:14,0
DA:16,8
LF:9
LH:7
BRDA:13,0,0,0
BRF:1
BRH:0
end_of_record
TN:
SF:src\users\infrastructure\http\users.router.ts
FN:16,(anonymous_13)
FN:16,(anonymous_14)
FNF:2
FNH:0
FNDA:0,(anonymous_13)
FNDA:0,(anonymous_14)
DA:1,8
DA:2,8
DA:3,8
DA:4,8
DA:6,8
DA:8,8
DA:16,8
DA:18,0
DA:19,0
DA:20,0
DA:22,0
LF:11
LH:7
BRF:0
BRH:0
end_of_record
