TN:
SF:src\auth\application\login.usecase.ts
FN:20,(anonymous_18)
FN:21,LoginUseCase
FN:23,(anonymous_20)
FNF:3
FNH:3
FNDA:6,(anonymous_18)
FNDA:8,LoginUseCase
FNDA:8,(anonymous_20)
DA:1,6
DA:2,6
DA:3,6
DA:4,6
DA:5,6
DA:8,6
DA:13,6
DA:20,6
DA:21,8
DA:23,6
DA:24,8
DA:25,8
DA:26,8
DA:27,4
DA:28,4
DA:29,2
DA:30,2
DA:31,2
DA:33,6
LF:19
LH:19
BRDA:26,0,0,4
BRDA:28,1,0,2
BRF:2
BRH:2
end_of_record
TN:
SF:src\auth\infrastructure\http\auth.router.ts
FN:27,(anonymous_14)
FN:27,(anonymous_15)
FN:45,(anonymous_17)
FN:45,(anonymous_18)
FNF:4
FNH:4
FNDA:6,(anonymous_14)
FNDA:6,(anonymous_15)
FNDA:1,(anonymous_17)
FNDA:1,(anonymous_18)
DA:1,5
DA:2,5
DA:3,5
DA:4,5
DA:5,5
DA:6,5
DA:8,5
DA:10,5
DA:19,5
DA:27,6
DA:29,6
DA:30,6
DA:31,1
DA:33,5
DA:34,0
DA:39,5
DA:45,5
DA:46,1
LF:18
LH:17
BRDA:33,0,0,5
BRDA:33,1,0,0
BRDA:33,1,1,5
BRDA:33,2,0,5
BRDA:33,2,1,5
BRF:5
BRH:4
end_of_record
TN:
SF:src\candidates\infrastructure\http\candidates.router.ts
FN:8,(anonymous_0)
FNF:1
FNH:1
FNDA:1,(anonymous_0)
DA:1,5
DA:2,5
DA:3,5
DA:5,5
DA:8,5
DA:9,1
LF:6
LH:6
BRF:0
BRH:0
end_of_record
TN:
SF:src\shared\config\env.ts
FNF:0
FNH:0
DA:1,7
DA:2,7
DA:4,7
LF:3
LH:3
BRF:0
BRH:0
end_of_record
TN:
SF:src\shared\database\prisma.ts
FNF:0
FNH:0
DA:1,5
DA:7,5
DA:9,5
DA:10,5
LF:4
LH:4
BRDA:7,0,0,5
BRDA:7,0,1,5
BRDA:9,1,0,5
BRF:3
BRH:3
end_of_record
TN:
SF:src\shared\http\openapi-registry.ts
FN:13,registerOpenApiRoute
FN:18,getOpenApiRouteMeta
FN:25,normalizePath
FN:29,toggleTrailingSlash
FNF:4
FNH:2
FNDA:15,registerOpenApiRoute
FNDA:0,getOpenApiRouteMeta
FNDA:15,normalizePath
FNDA:0,toggleTrailingSlash
DA:11,5
DA:13,5
DA:14,15
DA:15,15
DA:18,5
DA:19,0
DA:20,0
DA:21,0
DA:22,0
DA:26,15
DA:30,0
LF:11
LH:6
BRDA:22,0,0,0
BRDA:22,0,1,0
BRDA:22,1,0,0
BRDA:22,1,1,0
BRDA:30,2,0,0
BRDA:30,2,1,0
BRF:6
BRH:0
end_of_record
TN:
SF:src\shared\http\route-introspect.ts
FN:8,listRoutes
FNF:1
FNH:0
FNDA:0,listRoutes
DA:8,0
DA:9,0
DA:10,0
DA:11,0
DA:12,0
DA:13,0
DA:14,0
DA:15,0
DA:17,0
DA:18,0
DA:19,0
DA:22,0
LF:12
LH:0
BRDA:8,0,0,0
BRDA:9,1,0,0
BRDA:9,1,1,0
BRDA:12,2,0,0
BRDA:12,2,1,0
BRDA:12,3,0,0
BRDA:12,3,1,0
BRDA:12,4,0,0
BRDA:12,4,1,0
BRDA:13,5,0,0
BRDA:13,5,1,0
BRDA:17,6,0,0
BRDA:17,7,0,0
BRDA:17,7,1,0
BRDA:17,8,0,0
BRDA:17,8,1,0
BRDA:17,9,0,0
BRDA:17,9,1,0
BRDA:18,10,0,0
BRDA:18,10,1,0
BRDA:18,11,0,0
BRDA:18,11,1,0
BRDA:18,12,0,0
BRDA:18,12,1,0
BRDA:18,13,0,0
BRDA:18,13,1,0
BRF:26
BRH:0
end_of_record
TN:
SF:src\shared\http\route-registry.ts
FN:7,registerRouter
FN:12,getRegisteredRouters
FNF:2
FNH:1
FNDA:15,registerRouter
FNDA:0,getRegisteredRouters
DA:5,5
DA:7,5
DA:8,15
DA:9,15
DA:12,5
DA:13,0
LF:6
LH:5
BRF:0
BRH:0
end_of_record
TN:
SF:src\shared\http\server.ts
FN:11,createHttpServer
FN:17,(anonymous_2)
FN:26,(anonymous_3)
FNF:3
FNH:2
FNDA:5,createHttpServer
FNDA:1,(anonymous_2)
FNDA:0,(anonymous_3)
DA:1,5
DA:2,5
DA:3,5
DA:4,5
DA:5,5
DA:6,5
DA:7,5
DA:8,5
DA:9,5
DA:11,5
DA:12,5
DA:14,5
DA:15,5
DA:17,5
DA:18,1
DA:22,5
DA:23,5
DA:24,5
DA:26,5
DA:27,0
DA:28,0
DA:29,0
DA:32,5
LF:23
LH:20
BRDA:27,0,0,0
BRDA:27,0,1,0
BRDA:27,1,0,0
BRDA:27,1,1,0
BRF:4
BRH:0
end_of_record
TN:
SF:src\shared\http\middlewares\authenticateJwt.ts
FN:13,authenticateJwt
FNF:1
FNH:1
FNDA:6,authenticateJwt
DA:2,6
DA:3,6
DA:13,6
DA:14,6
DA:15,6
DA:16,2
DA:18,4
DA:19,4
DA:20,4
DA:21,4
DA:22,4
DA:24,0
LF:12
LH:11
BRDA:14,0,0,6
BRDA:14,0,1,2
BRDA:15,1,0,2
BRDA:15,2,0,6
BRDA:15,2,1,4
BRF:5
BRH:5
end_of_record
TN:
SF:src\shared\http\middlewares\authorizeRoles.ts
FN:3,authorizeRoles
FN:4,(anonymous_1)
FNF:2
FNH:2
FNDA:7,authorizeRoles
FNDA:4,(anonymous_1)
DA:3,21
DA:4,7
DA:5,4
DA:6,4
DA:7,4
DA:8,2
LF:6
LH:6
BRDA:5,0,0,0
BRDA:5,0,1,4
BRDA:5,1,0,4
BRDA:5,1,1,4
BRDA:6,2,0,0
BRDA:7,3,0,2
BRF:6
BRH:4
end_of_record
TN:
SF:src\shared\kernel\container.ts
FN:6,(anonymous_0)
FNF:1
FNH:0
FNDA:0,(anonymous_0)
DA:1,5
DA:2,5
DA:4,5
DA:6,5
LF:4
LH:4
BRF:0
BRH:0
end_of_record
TN:
SF:src\shared\kernel\logger.ts
FNF:0
FNH:0
DA:1,5
DA:2,5
DA:4,5
DA:8,5
LF:4
LH:4
BRDA:5,0,0,5
BRDA:5,0,1,5
BRF:2
BRH:2
end_of_record
TN:
SF:src\tests\helpers\prisma-fixtures.ts
FN:4,createUserFixture
FN:16,deleteUserFixture
FNF:2
FNH:0
FNDA:0,createUserFixture
FNDA:0,deleteUserFixture
DA:1,0
DA:2,0
DA:4,0
DA:5,0
DA:6,0
DA:7,0
DA:11,0
DA:16,0
DA:17,0
LF:9
LH:0
BRDA:7,0,0,0
BRDA:5,1,0,0
BRDA:5,1,1,0
BRDA:10,2,0,0
BRDA:10,2,1,0
BRDA:17,3,0,0
BRF:6
BRH:0
end_of_record
TN:
SF:src\users\application\create-user.usecase.ts
FN:10,(anonymous_18)
FN:29,(anonymous_19)
FN:30,CreateUserUseCase
FN:34,(anonymous_21)
FNF:4
FNH:1
FNDA:0,(anonymous_18)
FNDA:5,(anonymous_19)
FNDA:0,CreateUserUseCase
FNDA:0,(anonymous_21)
DA:1,5
DA:2,5
DA:4,5
DA:6,5
DA:8,5
DA:10,0
DA:14,5
DA:21,5
DA:29,5
DA:31,0
DA:34,5
DA:35,0
DA:36,0
DA:37,0
DA:38,0
DA:40,0
DA:41,0
DA:42,0
DA:43,0
DA:45,5
LF:20
LH:10
BRDA:37,0,0,0
BRF:1
BRH:0
end_of_record
TN:
SF:src\users\infrastructure\prisma-user.repository.ts
FN:7,(anonymous_14)
FN:8,(anonymous_16)
FN:12,(anonymous_19)
FNF:3
FNH:2
FNDA:11,(anonymous_14)
FNDA:6,(anonymous_16)
FNDA:0,(anonymous_19)
DA:1,5
DA:3,5
DA:7,5
DA:8,5
DA:9,6
DA:12,5
DA:13,0
DA:14,0
DA:16,5
LF:9
LH:7
BRDA:13,0,0,0
BRF:1
BRH:0
end_of_record
TN:
SF:src\users\infrastructure\http\users.router.ts
FN:16,(anonymous_13)
FN:16,(anonymous_14)
FNF:2
FNH:0
FNDA:0,(anonymous_13)
FNDA:0,(anonymous_14)
DA:1,5
DA:2,5
DA:3,5
DA:4,5
DA:6,5
DA:8,5
DA:16,5
DA:18,0
DA:19,0
DA:20,0
DA:22,0
LF:11
LH:7
BRF:0
BRH:0
end_of_record
